# JRE version: OpenJDK Runtime Environment GraalVM CE 21.3.0 (11.0.13+7) (build 11.0.13+7-jvmci-21.3-b05)
# Java VM: OpenJDK 64-Bit Server VM GraalVM CE 21.3.0 (11.0.13+7-jvmci-21.3-b05, mixed mode, sharing, tiered, jvmci, jvmci compiler, compressed oops, g1 gc, bsd-amd64)
Heap:
 garbage-first heap   total 366592K, used 102325K [0x0000000700000000, 0x0000000800000000)
  region size 1024K, 63 young (64512K), 13 survivors (13312K)
 Metaspace       used 67062K, capacity 69435K, committed 69592K, reserved 1110016K
  class space    used 8299K, capacity 9291K, committed 9336K, reserved 1048576K
GC Heap History (16 events):
Event: 0.484 GC heap before
{Heap before GC invocations=0 (full 0):
 garbage-first heap   total 264192K, used 27356K [0x0000000700000000, 0x0000000800000000)
  region size 1024K, 24 young (24576K), 0 survivors (0K)
 Metaspace       used 4966K, capacity 6294K, committed 6528K, reserved 1056768K
  class space    used 428K, capacity 631K, committed 640K, reserved 1048576K
}
Event: 0.493 GC heap after
{Heap after GC invocations=1 (full 0):
 garbage-first heap   total 264192K, used 11665K [0x0000000700000000, 0x0000000800000000)
  region size 1024K, 3 young (3072K), 3 survivors (3072K)
 Metaspace       used 4966K, capacity 6294K, committed 6528K, reserved 1056768K
  class space    used 428K, capacity 631K, committed 640K, reserved 1048576K
}
Event: 0.630 GC heap before
{Heap before GC invocations=1 (full 0):
 garbage-first heap   total 264192K, used 41361K [0x0000000700000000, 0x0000000800000000)
  region size 1024K, 32 young (32768K), 3 survivors (3072K)
 Metaspace       used 5216K, capacity 6455K, committed 6656K, reserved 1056768K
  class space    used 442K, capacity 641K, committed 768K, reserved 1048576K
}
Event: 0.643 GC heap after
{Heap after GC invocations=2 (full 0):
 garbage-first heap   total 264192K, used 22763K [0x0000000700000000, 0x0000000800000000)
  region size 1024K, 4 young (4096K), 4 survivors (4096K)
 Metaspace       used 5216K, capacity 6455K, committed 6656K, reserved 1056768K
  class space    used 442K, capacity 641K, committed 768K, reserved 1048576K
}
Event: 0.735 GC heap before
{Heap before GC invocations=2 (full 0):
 garbage-first heap   total 264192K, used 57579K [0x0000000700000000, 0x0000000800000000)
  region size 1024K, 39 young (39936K), 4 survivors (4096K)
 Metaspace       used 5785K, capacity 6706K, committed 6912K, reserved 1056768K
  class space    used 518K, capacity 729K, committed 768K, reserved 1048576K
}
Event: 0.741 GC heap after
{Heap after GC invocations=3 (full 0):
 garbage-first heap   total 264192K, used 27484K [0x0000000700000000, 0x0000000800000000)
  region size 1024K, 5 young (5120K), 5 survivors (5120K)
 Metaspace       used 5785K, capacity 6706K, committed 6912K, reserved 1056768K
  class space    used 518K, capacity 729K, committed 768K, reserved 1048576K
}
Event: 1.136 GC heap before
{Heap before GC invocations=3 (full 0):
 garbage-first heap   total 264192K, used 78684K [0x0000000700000000, 0x0000000800000000)
  region size 1024K, 56 young (57344K), 5 survivors (5120K)
 Metaspace       used 12548K, capacity 13131K, committed 13312K, reserved 1060864K
  class space    used 1252K, capacity 1486K, committed 1536K, reserved 1048576K
}
Event: 1.143 GC heap after
{Heap after GC invocations=4 (full 0):
 garbage-first heap   total 264192K, used 31483K [0x0000000700000000, 0x0000000800000000)
  region size 1024K, 5 young (5120K), 5 survivors (5120K)
 Metaspace       used 12548K, capacity 13131K, committed 13312K, reserved 1060864K
  class space    used 1252K, capacity 1486K, committed 1536K, reserved 1048576K
}
Event: 1.497 GC heap before
{Heap before GC invocations=4 (full 0):
 garbage-first heap   total 264192K, used 145147K [0x0000000700000000, 0x0000000800000000)
  region size 1024K, 118 young (120832K), 5 survivors (5120K)
 Metaspace       used 20353K, capacity 21222K, committed 21248K, reserved 1069056K
  class space    used 2180K, capacity 2535K, committed 2560K, reserved 1048576K
}
Event: 1.508 GC heap after
{Heap after GC invocations=5 (full 0):
 garbage-first heap   total 366592K, used 37648K [0x0000000700000000, 0x0000000800000000)
  region size 1024K, 11 young (11264K), 11 survivors (11264K)
 Metaspace       used 20353K, capacity 21222K, committed 21248K, reserved 1069056K
  class space    used 2180K, capacity 2535K, committed 2560K, reserved 1048576K
}
Event: 2.382 GC heap before
{Heap before GC invocations=6 (full 0):
 garbage-first heap   total 366592K, used 242448K [0x0000000700000000, 0x0000000800000000)
  region size 1024K, 212 young (217088K), 11 survivors (11264K)
 Metaspace       used 34687K, capacity 36341K, committed 36476K, reserved 1081344K
  class space    used 4203K, capacity 4889K, committed 4988K, reserved 1048576K
}
Event: 2.410 GC heap after
{Heap after GC invocations=7 (full 0):
 garbage-first heap   total 366592K, used 48675K [0x0000000700000000, 0x0000000800000000)
  region size 1024K, 20 young (20480K), 20 survivors (20480K)
 Metaspace       used 34687K, capacity 36341K, committed 36476K, reserved 1081344K
  class space    used 4203K, capacity 4889K, committed 4988K, reserved 1048576K
}
Event: 3.367 GC heap before
{Heap before GC invocations=8 (full 0):
 garbage-first heap   total 366592K, used 246307K [0x0000000700000000, 0x0000000800000000)
  region size 1024K, 214 young (219136K), 20 survivors (20480K)
 Metaspace       used 48065K, capacity 50192K, committed 50372K, reserved 1093632K
  class space    used 5891K, capacity 6758K, committed 6908K, reserved 1048576K
}
Event: 3.386 GC heap after
{Heap after GC invocations=9 (full 0):
 garbage-first heap   total 366592K, used 52920K [0x0000000700000000, 0x0000000800000000)
  region size 1024K, 20 young (20480K), 20 survivors (20480K)
 Metaspace       used 48065K, capacity 50192K, committed 50372K, reserved 1093632K
  class space    used 5891K, capacity 6758K, committed 6908K, reserved 1048576K
}
Event: 4.021 GC heap before
{Heap before GC invocations=9 (full 0):
 garbage-first heap   total 366592K, used 113336K [0x0000000700000000, 0x0000000800000000)
  region size 1024K, 81 young (82944K), 20 survivors (20480K)
 Metaspace       used 59256K, capacity 61446K, committed 61508K, reserved 1101824K
  class space    used 7326K, capacity 8264K, committed 8316K, reserved 1048576K
}
Event: 4.038 GC heap after
{Heap after GC invocations=10 (full 0):
 garbage-first heap   total 366592K, used 55221K [0x0000000700000000, 0x0000000800000000)
  region size 1024K, 13 young (13312K), 13 survivors (13312K)
 Metaspace       used 59256K, capacity 61446K, committed 61508K, reserved 1101824K
  class space    used 7326K, capacity 8264K, committed 8316K, reserved 1048576K
}

